# JRE version: Java(TM) SE Runtime Environment (21.0.5+9) (build 21.0.5+9-LTS-239)
# Java VM: Java HotSpot(TM) 64-Bit Server VM (21.0.5+9-LTS-239, mixed mode, sharing, tiered, compressed oops, compressed class ptrs, g1 gc, windows-amd64)
GC Precious Log:
 CardTable entry size: 512
 Card Set container configuration: InlinePtr #cards 4 size 8 Array Of Cards #cards 16 size 48 Howl #buckets 8 coarsen threshold 3686 Howl Bitmap #cards 512 size 80 coarsen threshold 460 Card regions per heap region 1 cards per card region 4096
 CPUs: 16 total, 16 available
 Memory: 15774M
 Large Page Support: Disabled
 NUMA Support: Disabled
 Compressed Oops: Enabled (Zero based)
 Heap Region Size: 2M
 Heap Min Capacity: 8M
 Heap Initial Capacity: 248M
 Heap Max Capacity: 3944M
 Pre-touch: Disabled
 Parallel Workers: 13
 Concurrent Workers: 3
 Concurrent Refinement Workers: 13
 Periodic GC: Disabled
Heap:
 garbage-first heap   total 81920K, used 45631K [0x0000000709800000, 0x0000000800000000)
  region size 2048K, 6 young (12288K), 2 survivors (4096K)
 Metaspace       used 85090K, committed 85952K, reserved 1179648K
  class space    used 10078K, committed 10496K, reserved 1048576K
GC Heap History (20 events):
Event: 2.504 GC heap before
{Heap before GC invocations=6 (full 0):
 garbage-first heap   total 73728K, used 28970K [0x0000000709800000, 0x0000000800000000)
  region size 2048K, 7 young (14336K), 2 survivors (4096K)
 Metaspace       used 35431K, committed 35968K, reserved 1114112K
  class space    used 4422K, committed 4672K, reserved 1048576K
}
Event: 2.507 GC heap after
{Heap after GC invocations=7 (full 0):
 garbage-first heap   total 90112K, used 21493K [0x0000000709800000, 0x0000000800000000)
  region size 2048K, 2 young (4096K), 2 survivors (4096K)
 Metaspace       used 35431K, committed 35968K, reserved 1114112K
  class space    used 4422K, committed 4672K, reserved 1048576K
}
Event: 3.806 GC heap before
{Heap before GC invocations=8 (full 0):
 garbage-first heap   total 81920K, used 68597K [0x0000000709800000, 0x0000000800000000)
  region size 2048K, 26 young (53248K), 2 survivors (4096K)
 Metaspace       used 46998K, committed 47552K, reserved 1114112K
  class space    used 5748K, committed 6016K, reserved 1048576K
}
Event: 3.810 GC heap after
{Heap after GC invocations=9 (full 0):
 garbage-first heap   total 81920K, used 26054K [0x0000000709800000, 0x0000000800000000)
  region size 2048K, 4 young (8192K), 4 survivors (8192K)
 Metaspace       used 46998K, committed 47552K, reserved 1114112K
  class space    used 5748K, committed 6016K, reserved 1048576K
}
Event: 4.369 GC heap before
{Heap before GC invocations=9 (full 0):
 garbage-first heap   total 81920K, used 64966K [0x0000000709800000, 0x0000000800000000)
  region size 2048K, 23 young (47104K), 4 survivors (8192K)
 Metaspace       used 55432K, committed 55936K, reserved 1114112K
  class space    used 6747K, committed 6976K, reserved 1048576K
}
Event: 4.374 GC heap after
{Heap after GC invocations=10 (full 0):
 garbage-first heap   total 81920K, used 28861K [0x0000000709800000, 0x0000000800000000)
  region size 2048K, 2 young (4096K), 2 survivors (4096K)
 Metaspace       used 55432K, committed 55936K, reserved 1114112K
  class space    used 6747K, committed 6976K, reserved 1048576K
}
Event: 4.877 GC heap before
{Heap before GC invocations=10 (full 0):
 garbage-first heap   total 81920K, used 59581K [0x0000000709800000, 0x0000000800000000)
  region size 2048K, 18 young (36864K), 2 survivors (4096K)
 Metaspace       used 59413K, committed 60096K, reserved 1114112K
  class space    used 7275K, committed 7616K, reserved 1048576K
}
Event: 4.880 GC heap after
{Heap after GC invocations=11 (full 0):
 garbage-first heap   total 81920K, used 31869K [0x0000000709800000, 0x0000000800000000)
  region size 2048K, 3 young (6144K), 3 survivors (6144K)
 Metaspace       used 59413K, committed 60096K, reserved 1114112K
  class space    used 7275K, committed 7616K, reserved 1048576K
}
Event: 5.461 GC heap before
{Heap before GC invocations=12 (full 0):
 garbage-first heap   total 81920K, used 68733K [0x0000000709800000, 0x0000000800000000)
  region size 2048K, 21 young (43008K), 3 survivors (6144K)
 Metaspace       used 67764K, committed 68416K, reserved 1114112K
  class space    used 8218K, committed 8512K, reserved 1048576K
}
Event: 5.466 GC heap after
{Heap after GC invocations=13 (full 0):
 garbage-first heap   total 81920K, used 34109K [0x0000000709800000, 0x0000000800000000)
  region size 2048K, 2 young (4096K), 2 survivors (4096K)
 Metaspace       used 67764K, committed 68416K, reserved 1114112K
  class space    used 8218K, committed 8512K, reserved 1048576K
}
Event: 11.883 GC heap before
{Heap before GC invocations=13 (full 0):
 garbage-first heap   total 81920K, used 68925K [0x0000000709800000, 0x0000000800000000)
  region size 2048K, 19 young (38912K), 2 survivors (4096K)
 Metaspace       used 77240K, committed 77888K, reserved 1179648K
  class space    used 9249K, committed 9536K, reserved 1048576K
}
Event: 11.886 GC heap after
{Heap after GC invocations=14 (full 0):
 garbage-first heap   total 81920K, used 36790K [0x0000000709800000, 0x0000000800000000)
  region size 2048K, 3 young (6144K), 3 survivors (6144K)
 Metaspace       used 77240K, committed 77888K, reserved 1179648K
  class space    used 9249K, committed 9536K, reserved 1048576K
}
Event: 169.416 GC heap before
{Heap before GC invocations=14 (full 0):
 garbage-first heap   total 81920K, used 67510K [0x0000000709800000, 0x0000000800000000)
  region size 2048K, 19 young (38912K), 3 survivors (6144K)
 Metaspace       used 81688K, committed 82496K, reserved 1179648K
  class space    used 9718K, committed 10112K, reserved 1048576K
}
Event: 169.420 GC heap after
{Heap after GC invocations=15 (full 0):
 garbage-first heap   total 81920K, used 38130K [0x0000000709800000, 0x0000000800000000)
  region size 2048K, 3 young (6144K), 3 survivors (6144K)
 Metaspace       used 81688K, committed 82496K, reserved 1179648K
  class space    used 9718K, committed 10112K, reserved 1048576K
}
Event: 255.777 GC heap before
{Heap before GC invocations=15 (full 0):
 garbage-first heap   total 81920K, used 66802K [0x0000000709800000, 0x0000000800000000)
  region size 2048K, 18 young (36864K), 3 survivors (6144K)
 Metaspace       used 84686K, committed 85504K, reserved 1179648K
  class space    used 10058K, committed 10432K, reserved 1048576K
}
Event: 255.781 GC heap after
{Heap after GC invocations=16 (full 0):
 garbage-first heap   total 81920K, used 39879K [0x0000000709800000, 0x0000000800000000)
  region size 2048K, 2 young (4096K), 2 survivors (4096K)
 Metaspace       used 84686K, committed 85504K, reserved 1179648K
  class space    used 10058K, committed 10432K, reserved 1048576K
}
Event: 502.565 GC heap before
{Heap before GC invocations=16 (full 0):
 garbage-first heap   total 81920K, used 68551K [0x0000000709800000, 0x0000000800000000)
  region size 2048K, 17 young (34816K), 2 survivors (4096K)
 Metaspace       used 85089K, committed 85952K, reserved 1179648K
  class space    used 10076K, committed 10496K, reserved 1048576K
}
Event: 502.567 GC heap after
{Heap after GC invocations=17 (full 0):
 garbage-first heap   total 81920K, used 39605K [0x0000000709800000, 0x0000000800000000)
  region size 2048K, 2 young (4096K), 2 survivors (4096K)
 Metaspace       used 85089K, committed 85952K, reserved 1179648K
  class space    used 10076K, committed 10496K, reserved 1048576K
}
Event: 856.073 GC heap before
{Heap before GC invocations=18 (full 0):
 garbage-first heap   total 81920K, used 70325K [0x0000000709800000, 0x0000000800000000)
  region size 2048K, 17 young (34816K), 2 survivors (4096K)
 Metaspace       used 85090K, committed 85952K, reserved 1179648K
  class space    used 10078K, committed 10496K, reserved 1048576K
}
Event: 856.075 GC heap after
{Heap after GC invocations=19 (full 0):
 garbage-first heap   total 81920K, used 39487K [0x0000000709800000, 0x0000000800000000)
  region size 2048K, 2 young (4096K), 2 survivors (4096K)
 Metaspace       used 85090K, committed 85952K, reserved 1179648K
  class space    used 10078K, committed 10496K, reserved 1048576K
}

